GPU detected: NVIDIA H100 80GB HBM3
VRAM: 85.0 GB total, 84.5 GB free
========================================================================
CROSS-CHECK: PROJECTED-COMPLEMENT EXACT PRIME ON ROW A (GPU OPTIMIZED)
========================================================================
  Config: Row A: 18^3 x 12, rho=3.0
  n_samples = 80, seed = 42

[1] Building caloron...
  Caloron links mu=0 (SD, rho=3.00, L=18³×12) ... done.
  Caloron links mu=1 (SD, rho=3.00, L=18³×12) ... done.
  Caloron links mu=2 (SD, rho=3.00, L=18³×12) ... done.
  Caloron links mu=3 (SD, rho=3.00, L=18³×12) ... done.
    done (7s)

[2] Building five physical moduli tangents...
  Caloron links mu=0 (SD, rho=3.00, L=18³×12) ... done.
  Caloron links mu=1 (SD, rho=3.00, L=18³×12) ... done.
  Caloron links mu=2 (SD, rho=3.00, L=18³×12) ... done.
  Caloron links mu=3 (SD, rho=3.00, L=18³×12) ... done.
  Caloron links mu=0 (SD, rho=3.00, L=18³×12) ... done.
  Caloron links mu=1 (SD, rho=3.00, L=18³×12) ... done.
  Caloron links mu=2 (SD, rho=3.00, L=18³×12) ... done.
  Caloron links mu=3 (SD, rho=3.00, L=18³×12) ... done.
  Caloron links mu=0 (SD, rho=3.00, L=18³×12) ... done.
  Caloron links mu=1 (SD, rho=3.00, L=18³×12) ... done.
  Caloron links mu=2 (SD, rho=3.00, L=18³×12) ... done.
  Caloron links mu=3 (SD, rho=3.00, L=18³×12) ... done.
  Caloron links mu=0 (SD, rho=3.00, L=18³×12) ... done.
  Caloron links mu=1 (SD, rho=3.00, L=18³×12) ... done.
  Caloron links mu=2 (SD, rho=3.00, L=18³×12) ... done.
  Caloron links mu=3 (SD, rho=3.00, L=18³×12) ... done.
  Caloron links mu=0 (SD, rho=3.00, L=18³×12) ... done.
  Caloron links mu=1 (SD, rho=3.00, L=18³×12) ... done.
  Caloron links mu=2 (SD, rho=3.00, L=18³×12) ... done.
  Caloron links mu=3 (SD, rho=3.00, L=18³×12) ... done.
  Caloron links mu=0 (SD, rho=3.00, L=18³×12) ... done.
  Caloron links mu=1 (SD, rho=3.00, L=18³×12) ... done.
  Caloron links mu=2 (SD, rho=3.00, L=18³×12) ... done.
  Caloron links mu=3 (SD, rho=3.00, L=18³×12) ... done.
  Caloron links mu=0 (SD, rho=3.00, L=18³×12) ... done.
  Caloron links mu=1 (SD, rho=3.00, L=18³×12) ... done.
  Caloron links mu=2 (SD, rho=3.00, L=18³×12) ... done.
  Caloron links mu=3 (SD, rho=3.00, L=18³×12) ... done.
  Caloron links mu=0 (SD, rho=3.00, L=18³×12) ... done.
  Caloron links mu=1 (SD, rho=3.00, L=18³×12) ... done.
  Caloron links mu=2 (SD, rho=3.00, L=18³×12) ... done.
  Caloron links mu=3 (SD, rho=3.00, L=18³×12) ... done.
  Caloron links mu=0 (SD, rho=3.05, L=18³×12) ... done.
  Caloron links mu=1 (SD, rho=3.05, L=18³×12) ... done.
  Caloron links mu=2 (SD, rho=3.05, L=18³×12) ... done.
  Caloron links mu=3 (SD, rho=3.05, L=18³×12) ... done.
  Caloron links mu=0 (SD, rho=2.95, L=18³×12) ... done.
  Caloron links mu=1 (SD, rho=2.95, L=18³×12) ... done.
  Caloron links mu=2 (SD, rho=2.95, L=18³×12) ... done.
  Caloron links mu=3 (SD, rho=2.95, L=18³×12) ... done.
    Mode 0: cleaning ratio = 5.605e-07
    Mode 1: cleaning ratio = 5.479e-07
    Mode 2: cleaning ratio = 5.479e-07
    Mode 3: cleaning ratio = 5.479e-07
    Mode 4: cleaning ratio = 6.556e-07

[3] Building operators...
    operators built in 92s

[4] Running projected-complement exact prime at three ξ values...

  ξ = 1.0000
    T (inst − free)...
    [T_inst] +209632.8267 ± 24.0587  (n_fail=0)
    [T_free] +209614.0776 ± 25.8129  (n_fail=0)
    F (inst, dF_free = 0)...
    [F_inst] +3.7911 ± 3.7169  (n_fail=0)
    G (ghost, inst − free)...
    [G_inst] +52405.8603 ± 11.0577  (n_fail=0)
    [G_free] +52391.9142 ± 12.5443  (n_fail=0)
    h(ξ=1.0000) = +7.248 ± 43.227

  ξ = 1.0450
    T (inst − free)...
    [T_inst] +202643.9244 ± 27.5470  (n_fail=0)
    [T_free] +202554.5609 ± 23.5616  (n_fail=0)
    F (inst, dF_free = 0)...
    [F_inst] -3.6301 ± 3.4114  (n_fail=0)
    G (ghost, inst − free)...
    [G_inst] +50647.7318 ± 12.7025  (n_fail=0)
    [G_free] +50643.2061 ± 12.9404  (n_fail=0)
    h(ξ=1.0450) = -82.111 ± 48.151

  ξ = 1.0900
    T (inst − free)...
    [T_inst] +195854.7200 ± 24.5574  (n_fail=0)
    [T_free] +195841.0551 ± 22.8160  (n_fail=0)
    F (inst, dF_free = 0)...
    [F_inst] -6.4825 ± 3.3283  (n_fail=0)
    G (ghost, inst − free)...
    [G_inst] +48962.5958 ± 13.0129  (n_fail=0)
    [G_free] +48951.9611 ± 12.3619  (n_fail=0)
    h(ξ=1.0900) = +11.530 ± 53.015

========================================================================
CROSS-CHECK RESULTS — ROW A
========================================================================
  h(1.000) = +7.2475 ± 43.2270   [T=+18.75, F=+3.79, G=+13.95]
  h(1.045) = -82.1112 ± 48.1513   [T=+89.36, F=-3.63, G=+4.53]
  h(1.090) = +11.5301 ± 53.0152   [T=+13.66, F=-6.48, G=+10.63]

  δ_ξ log ζ (exact prime, Simpson)  = -4.5268 ± 3.1178
  δ_ξ log ζ (adaptive prime, H100)  = -1.6600 ± 0.1860
  Tension                           = 0.92σ

